#
# There is insufficient memory for the Java Runtime Environment to continue.
# Native memory allocation (mmap) failed to map 78643200 bytes for committing reserved memory.
# Possible reasons:
#   The system is out of physical RAM or swap space
#   In 32 bit mode, the process size limit was hit
# Possible solutions:
#   Reduce memory load on the system
#   Increase physical memory or swap space
#   Check if swap backing store is full
#   Use 64 bit Java on a 64 bit OS
#   Decrease Java heap size (-Xmx/-Xms)
#   Decrease number of Java threads
#   Decrease Java thread stack sizes (-Xss)
#   Set larger code cache with -XX:ReservedCodeCacheSize=
# This output file may be truncated or incomplete.
#
#  Out of Memory Error (os_linux.cpp:2627), pid=8668, tid=0x00007f29f92f4700
#
# JRE version: Java(TM) SE Runtime Environment (8.0_112-b15) (build 1.8.0_112-b15)
# Java VM: Java HotSpot(TM) 64-Bit Server VM (25.112-b15 mixed mode linux-amd64 compressed oops)
# Failed to write core dump. Core dumps have been disabled. To enable core dumping, try "ulimit -c unlimited" before starting Java again
#

---------------  T H R E A D  ---------------

Current thread (0x00007f2a0c077800):  VMThread [stack: 0x00007f29f91f4000,0x00007f29f92f5000] [id=8676]

Stack: [0x00007f29f91f4000,0x00007f29f92f5000],  sp=0x00007f29f92f3300,  free space=1020k
Native frames: (J=compiled Java code, j=interpreted, Vv=VM code, C=native code)
V  [libjvm.so+0xac6f7a]  VMError::report_and_die()+0x2ba
V  [libjvm.so+0x4fc71b]  report_vm_out_of_memory(char const*, int, unsigned long, VMErrorType, char const*)+0x8b
V  [libjvm.so+0x923b13]  os::Linux::commit_memory_impl(char*, unsigned long, bool)+0x103
V  [libjvm.so+0x924069]  os::pd_commit_memory(char*, unsigned long, unsigned long, bool)+0x29
V  [libjvm.so+0x91e37a]  os::commit_memory(char*, unsigned long, unsigned long, bool)+0x2a
V  [libjvm.so+0x992da3]  PSVirtualSpace::expand_by(unsigned long)+0x53
V  [libjvm.so+0x9941a8]  PSYoungGen::resize_generation(unsigned long, unsigned long)+0xf8
V  [libjvm.so+0x993302]  PSYoungGen::resize(unsigned long, unsigned long)+0x22
V  [libjvm.so+0x9905db]  PSScavenge::invoke_no_policy()+0xf3b
V  [libjvm.so+0x98b885]  PSParallelCompact::invoke(bool)+0x85
V  [libjvm.so+0x483204]  CollectedHeap::collect_as_vm_thread(GCCause::Cause)+0x114
V  [libjvm.so+0xac83f1]  VM_CollectForMetadataAllocation::doit()+0x161
V  [libjvm.so+0xad0475]  VM_Operation::evaluate()+0x55
V  [libjvm.so+0xace84a]  VMThread::evaluate_operation(VM_Operation*)+0xba
V  [libjvm.so+0xacebce]  VMThread::loop()+0x1ce
V  [libjvm.so+0xacf040]  VMThread::run()+0x70
V  [libjvm.so+0x926138]  java_start(Thread*)+0x108

VM_Operation (0x00007f29bb7f3d50): CollectForMetadataAllocation, mode: safepoint, requested by thread 0x00007f29ac009000


---------------  P R O C E S S  ---------------

Java Threads: ( => current thread )
  0x00007f29a8406000 JavaThread "File lock request listener" [_thread_in_native, id=8709, stack(0x00007f29bb17f000,0x00007f29bb280000)]
  0x00007f29a800b800 JavaThread "Stdin handler" [_thread_blocked, id=8708, stack(0x00007f29bb4f9000,0x00007f29bb5fa000)]
  0x00007f29a800c800 JavaThread "Asynchronous log dispatcher for DefaultDaemonConnection: socket connection from /127.0.0.1:44342 to /127.0.0.1:54280" [_thread_blocked, id=8706, stack(0x00007f29bb5fa000,0x00007f29bb6fb000)]
  0x00007f29ac009000 JavaThread "Daemon worker" [_thread_blocked, id=8704, stack(0x00007f29bb6fb000,0x00007f29bb7fc000)]
  0x00007f29ac007000 JavaThread "Cancel handler" [_thread_blocked, id=8703, stack(0x00007f29bb7fc000,0x00007f29bb8fd000)]
  0x00007f29ac003800 JavaThread "Handler for socket connection from /127.0.0.1:44342 to /127.0.0.1:54280" [_thread_in_native, id=8702, stack(0x00007f29bb8fd000,0x00007f29bb9fe000)]
  0x00007f29b4033000 JavaThread "Daemon" [_thread_blocked, id=8701, stack(0x00007f29bbbfe000,0x00007f29bbcff000)]
  0x00007f2a0ccc2000 JavaThread "Incoming local TCP Connector on port 44342" [_thread_in_native, id=8700, stack(0x00007f29bbeff000,0x00007f29bc000000)]
  0x00007f2a0cc84000 JavaThread "pool-1-thread-1" [_thread_blocked, id=8699, stack(0x00007f29c004c000,0x00007f29c014d000)]
  0x00007f2a0c0d2000 JavaThread "Service Thread" daemon [_thread_blocked, id=8683, stack(0x00007f29f8662000,0x00007f29f8763000)]
  0x00007f2a0c0bd000 JavaThread "C1 CompilerThread2" daemon [_thread_blocked, id=8682, stack(0x00007f29f8763000,0x00007f29f8864000)]
  0x00007f2a0c0bb000 JavaThread "C2 CompilerThread1" daemon [_thread_blocked, id=8681, stack(0x00007f29f8864000,0x00007f29f8965000)]
  0x00007f2a0c0b8800 JavaThread "C2 CompilerThread0" daemon [_thread_blocked, id=8680, stack(0x00007f29f8965000,0x00007f29f8a66000)]
  0x00007f2a0c0b7000 JavaThread "Signal Dispatcher" daemon [_thread_blocked, id=8679, stack(0x00007f29f8a66000,0x00007f29f8b67000)]
  0x00007f2a0c084000 JavaThread "Finalizer" daemon [_thread_blocked, id=8678, stack(0x00007f29f8ff2000,0x00007f29f90f3000)]
  0x00007f2a0c07f800 JavaThread "Reference Handler" daemon [_thread_blocked, id=8677, stack(0x00007f29f90f3000,0x00007f29f91f4000)]
  0x00007f2a0c00a000 JavaThread "main" [_thread_blocked, id=8669, stack(0x00007f2a138b1000,0x00007f2a139b2000)]

Other Threads:
=>0x00007f2a0c077800 VMThread [stack: 0x00007f29f91f4000,0x00007f29f92f5000] [id=8676]
  0x00007f2a0c0dd000 WatcherThread [stack: 0x00007f29f8561000,0x00007f29f8662000] [id=8684]

VM state:at safepoint (normal execution)

VM Mutex/Monitor currently owned by a thread:  ([mutex/lock_event])
[0x00007f2a0c006140] Threads_lock - owner thread: 0x00007f2a0c077800
[0x00007f2a0c006640] Heap_lock - owner thread: 0x00007f29ac009000

Heap:
 PSYoungGen      total 66048K, used 2528K [0x00000000eab00000, 0x00000000eee00000, 0x0000000100000000)
  eden space 63488K, 0% used [0x00000000eab00000,0x00000000eab00000,0x00000000ee900000)
  from space 2560K, 98% used [0x00000000ee900000,0x00000000eeb78020,0x00000000eeb80000)
  to   space 2560K, 0% used [0x00000000eeb80000,0x00000000eeb80000,0x00000000eee00000)
 ParOldGen       total 42496K, used 13449K [0x00000000c0000000, 0x00000000c2980000, 0x00000000eab00000)
  object space 42496K, 31% used [0x00000000c0000000,0x00000000c0d225a0,0x00000000c2980000)
 Metaspace       used 20750K, capacity 21108K, committed 21248K, reserved 1067008K
  class space    used 2843K, capacity 2984K, committed 3072K, reserved 1048576K

Card table byte_map: [0x00007f2a10457000,0x00007f2a10658000] byte_map_base: 0x00007f2a0fe57000

Marking Bits: (ParMarkBitMap*) 0x00007f2a12d82c80
 Begin Bits: [0x00007f29fadfe000, 0x00007f29fbdfe000)
 End Bits:   [0x00007f29fbdfe000, 0x00007f29fcdfe000)

Polling page: 0x00007f2a139d3000

CodeCache: size=245760Kb used=5500Kb max_used=5500Kb free=240259Kb
 bounds [0x00007f29fd000000, 0x00007f29fd570000, 0x00007f2a0c000000]
 total_blobs=2037 nmethods=1646 adapters=304
 compilation: enabled

Compilation events (10 events):
Event: 18.669 Thread 0x00007f2a0c0bd000 1649   !   3       org.codehaus.groovy.util.LazyReference::getLocked (85 bytes)
Event: 18.670 Thread 0x00007f2a0c0bd000 nmethod 1649 0x00007f29fd55ec90 code [0x00007f29fd55ef00, 0x00007f29fd5600d8]
Event: 18.670 Thread 0x00007f2a0c0bd000 1650       3       org.codehaus.groovy.util.ReferenceType$2::createReference (11 bytes)
Event: 18.671 Thread 0x00007f2a0c0bd000 nmethod 1650 0x00007f29fd560790 code [0x00007f29fd560920, 0x00007f29fd560d10]
Event: 18.671 Thread 0x00007f2a0c0bd000 1651       3       org.codehaus.groovy.util.ReferenceType$WeakRef::<init> (12 bytes)
Event: 18.671 Thread 0x00007f2a0c0bd000 nmethod 1651 0x00007f29fd560f10 code [0x00007f29fd561080, 0x00007f29fd5613b0]
Event: 18.694 Thread 0x00007f2a0c0bd000 1652       3       org.codehaus.groovy.reflection.CachedClass::getInterfaces (11 bytes)
Event: 18.695 Thread 0x00007f2a0c0bd000 nmethod 1652 0x00007f29fd561510 code [0x00007f29fd561680, 0x00007f29fd561988]
Event: 18.695 Thread 0x00007f2a0c0bd000 1653       3       org.codehaus.groovy.util.ReferenceType$1::createReference (11 bytes)
Event: 18.695 Thread 0x00007f2a0c0bd000 nmethod 1653 0x00007f29fd561a50 code [0x00007f29fd561be0, 0x00007f29fd561ff0]

GC Heap History (9 events):
Event: 0.978 GC heap before
{Heap before GC invocations=1 (full 0):
 PSYoungGen      total 18432K, used 15872K [0x00000000eab00000, 0x00000000ebf80000, 0x0000000100000000)
  eden space 15872K, 100% used [0x00000000eab00000,0x00000000eba80000,0x00000000eba80000)
  from space 2560K, 0% used [0x00000000ebd00000,0x00000000ebd00000,0x00000000ebf80000)
  to   space 2560K, 0% used [0x00000000eba80000,0x00000000eba80000,0x00000000ebd00000)
 ParOldGen       total 42496K, used 0K [0x00000000c0000000, 0x00000000c2980000, 0x00000000eab00000)
  object space 42496K, 0% used [0x00000000c0000000,0x00000000c0000000,0x00000000c2980000)
 Metaspace       used 6395K, capacity 6612K, committed 6784K, reserved 1056768K
  class space    used 803K, capacity 860K, committed 896K, reserved 1048576K
Event: 0.996 GC heap after
Heap after GC invocations=1 (full 0):
 PSYoungGen      total 18432K, used 2548K [0x00000000eab00000, 0x00000000ecf00000, 0x0000000100000000)
  eden space 15872K, 0% used [0x00000000eab00000,0x00000000eab00000,0x00000000eba80000)
  from space 2560K, 99% used [0x00000000eba80000,0x00000000ebcfd310,0x00000000ebd00000)
  to   space 2560K, 0% used [0x00000000ecc80000,0x00000000ecc80000,0x00000000ecf00000)
 ParOldGen       total 42496K, used 797K [0x00000000c0000000, 0x00000000c2980000, 0x00000000eab00000)
  object space 42496K, 1% used [0x00000000c0000000,0x00000000c00c7528,0x00000000c2980000)
 Metaspace       used 6395K, capacity 6612K, committed 6784K, reserved 1056768K
  class space    used 803K, capacity 860K, committed 896K, reserved 1048576K
}
Event: 1.726 GC heap before
{Heap before GC invocations=2 (full 0):
 PSYoungGen      total 18432K, used 18420K [0x00000000eab00000, 0x00000000ecf00000, 0x0000000100000000)
  eden space 15872K, 100% used [0x00000000eab00000,0x00000000eba80000,0x00000000eba80000)
  from space 2560K, 99% used [0x00000000eba80000,0x00000000ebcfd310,0x00000000ebd00000)
  to   space 2560K, 0% used [0x00000000ecc80000,0x00000000ecc80000,0x00000000ecf00000)
 ParOldGen       total 42496K, used 797K [0x00000000c0000000, 0x00000000c2980000, 0x00000000eab00000)
  object space 42496K, 1% used [0x00000000c0000000,0x00000000c00c7528,0x00000000c2980000)
 Metaspace       used 6965K, capacity 7148K, committed 7424K, reserved 1056768K
  class space    used 882K, capacity 932K, committed 1024K, reserved 1048576K
Event: 1.744 GC heap after
Heap after GC invocations=2 (full 0):
 PSYoungGen      total 34304K, used 2539K [0x00000000eab00000, 0x00000000ecf00000, 0x0000000100000000)
  eden space 31744K, 0% used [0x00000000eab00000,0x00000000eab00000,0x00000000eca00000)
  from space 2560K, 99% used [0x00000000ecc80000,0x00000000ecefad78,0x00000000ecf00000)
  to   space 2560K, 0% used [0x00000000eca00000,0x00000000eca00000,0x00000000ecc80000)
 ParOldGen       total 42496K, used 985K [0x00000000c0000000, 0x00000000c2980000, 0x00000000eab00000)
  object space 42496K, 2% used [0x00000000c0000000,0x00000000c00f67b8,0x00000000c2980000)
 Metaspace       used 6965K, capacity 7148K, committed 7424K, reserved 1056768K
  class space    used 882K, capacity 932K, committed 1024K, reserved 1048576K
}
Event: 2.692 GC heap before
{Heap before GC invocations=3 (full 0):
 PSYoungGen      total 34304K, used 34283K [0x00000000eab00000, 0x00000000ecf00000, 0x0000000100000000)
  eden space 31744K, 100% used [0x00000000eab00000,0x00000000eca00000,0x00000000eca00000)
  from space 2560K, 99% used [0x00000000ecc80000,0x00000000ecefad78,0x00000000ecf00000)
  to   space 2560K, 0% used [0x00000000eca00000,0x00000000eca00000,0x00000000ecc80000)
 ParOldGen       total 42496K, used 985K [0x00000000c0000000, 0x00000000c2980000, 0x00000000eab00000)
  object space 42496K, 2% used [0x00000000c0000000,0x00000000c00f67b8,0x00000000c2980000)
 Metaspace       used 13193K, capacity 13518K, committed 13824K, reserved 1060864K
  class space    used 1831K, capacity 1936K, committed 2048K, reserved 1048576K
Event: 2.708 GC heap after
Heap after GC invocations=3 (full 0):
 PSYoungGen      total 34304K, used 2528K [0x00000000eab00000, 0x00000000eee00000, 0x0000000100000000)
  eden space 31744K, 0% used [0x00000000eab00000,0x00000000eab00000,0x00000000eca00000)
  from space 2560K, 98% used [0x00000000eca00000,0x00000000ecc78010,0x00000000ecc80000)
  to   space 2560K, 0% used [0x00000000eeb80000,0x00000000eeb80000,0x00000000eee00000)
 ParOldGen       total 42496K, used 4569K [0x00000000c0000000, 0x00000000c2980000, 0x00000000eab00000)
  object space 42496K, 10% used [0x00000000c0000000,0x00000000c0476430,0x00000000c2980000)
 Metaspace       used 13193K, capacity 13518K, committed 13824K, reserved 1060864K
  class space    used 1831K, capacity 1936K, committed 2048K, reserved 1048576K
}
Event: 17.199 GC heap before
{Heap before GC invocations=4 (full 0):
 PSYoungGen      total 34304K, used 34272K [0x00000000eab00000, 0x00000000eee00000, 0x0000000100000000)
  eden space 31744K, 100% used [0x00000000eab00000,0x00000000eca00000,0x00000000eca00000)
  from space 2560K, 98% used [0x00000000eca00000,0x00000000ecc78010,0x00000000ecc80000)
  to   space 2560K, 0% used [0x00000000eeb80000,0x00000000eeb80000,0x00000000eee00000)
 ParOldGen       total 42496K, used 4569K [0x00000000c0000000, 0x00000000c2980000, 0x00000000eab00000)
  object space 42496K, 10% used [0x00000000c0000000,0x00000000c0476430,0x00000000c2980000)
 Metaspace       used 17383K, capacity 17814K, committed 18048K, reserved 1064960K
  class space    used 2506K, capacity 2656K, committed 2688K, reserved 1048576K
Event: 17.296 GC heap after
Heap after GC invocations=4 (full 0):
 PSYoungGen      total 66048K, used 2544K [0x00000000eab00000, 0x00000000eee00000, 0x0000000100000000)
  eden space 63488K, 0% used [0x00000000eab00000,0x00000000eab00000,0x00000000ee900000)
  from space 2560K, 99% used [0x00000000eeb80000,0x00000000eedfc040,0x00000000eee00000)
  to   space 2560K, 0% used [0x00000000ee900000,0x00000000ee900000,0x00000000eeb80000)
 ParOldGen       total 42496K, used 9411K [0x00000000c0000000, 0x00000000c2980000, 0x00000000eab00000)
  object space 42496K, 22% used [0x00000000c0000000,0x00000000c0930e48,0x00000000c2980000)
 Metaspace       used 17383K, capacity 17814K, committed 18048K, reserved 1064960K
  class space    used 2506K, capacity 2656K, committed 2688K, reserved 1048576K
}
Event: 18.714 GC heap before
{Heap before GC invocations=5 (full 0):
 PSYoungGen      total 66048K, used 20855K [0x00000000eab00000, 0x00000000eee00000, 0x0000000100000000)
  eden space 63488K, 28% used [0x00000000eab00000,0x00000000ebce1ea0,0x00000000ee900000)
  from space 2560K, 99% used [0x00000000eeb80000,0x00000000eedfc040,0x00000000eee00000)
  to   space 2560K, 0% used [0x00000000ee900000,0x00000000ee900000,0x00000000eeb80000)
 ParOldGen       total 42496K, used 9411K [0x00000000c0000000, 0x00000000c2980000, 0x00000000eab00000)
  object space 42496K, 22% used [0x00000000c0000000,0x00000000c0930e48,0x00000000c2980000)
 Metaspace       used 20750K, capacity 21108K, committed 21248K, reserved 1067008K
  class space    used 2843K, capacity 2984K, committed 3072K, reserved 1048576K

Deoptimization events (10 events):
Event: 5.965 Thread 0x00007f29ac009000 Uncommon trap: reason=bimorphic action=maybe_recompile pc=0x00007f29fd474668 method=java.lang.ClassLoader.getPackage(Ljava/lang/String;)Ljava/lang/Package; @ 47
Event: 12.136 Thread 0x00007f29ac009000 Uncommon trap: reason=unstable_if action=reinterpret pc=0x00007f29fd1ca804 method=java.lang.AbstractStringBuilder.append(Ljava/lang/String;)Ljava/lang/AbstractStringBuilder; @ 1
Event: 12.152 Thread 0x00007f29ac009000 Uncommon trap: reason=unstable_if action=reinterpret pc=0x00007f29fd192e50 method=java.lang.AbstractStringBuilder.append(Ljava/lang/String;)Ljava/lang/AbstractStringBuilder; @ 1
Event: 18.336 Thread 0x00007f29ac009000 Uncommon trap: reason=class_check action=maybe_recompile pc=0x00007f29fd153bf0 method=java.lang.String.equals(Ljava/lang/Object;)Z @ 8
Event: 18.336 Thread 0x00007f29ac009000 Uncommon trap: reason=class_check action=maybe_recompile pc=0x00007f29fd153bf0 method=java.lang.String.equals(Ljava/lang/Object;)Z @ 8
Event: 18.336 Thread 0x00007f29ac009000 Uncommon trap: reason=class_check action=maybe_recompile pc=0x00007f29fd153bf0 method=java.lang.String.equals(Ljava/lang/Object;)Z @ 8
Event: 18.336 Thread 0x00007f29ac009000 Uncommon trap: reason=class_check action=maybe_recompile pc=0x00007f29fd153bf0 method=java.lang.String.equals(Ljava/lang/Object;)Z @ 8
Event: 18.442 Thread 0x00007f29ac009000 Uncommon trap: reason=unstable_if action=reinterpret pc=0x00007f29fd296758 method=java.io.UnixFileSystem.normalize(Ljava/lang/String;)Ljava/lang/String; @ 60
Event: 18.442 Thread 0x00007f29ac009000 Uncommon trap: reason=class_check action=maybe_recompile pc=0x00007f29fd1d5754 method=sun.misc.URLClassPath.getLoader(I)Lsun/misc/URLClassPath$Loader; @ 94
Event: 18.442 Thread 0x00007f29ac009000 Uncommon trap: reason=class_check action=maybe_recompile pc=0x00007f29fd473230 method=sun.misc.URLClassPath.getResource(Ljava/lang/String;Z)Lsun/misc/Resource; @ 62

Internal exceptions (10 events):
Event: 3.699 Thread 0x00007f29ac009000 Exception <a 'java/lang/NoSuchMethodError': <clinit>> (0x00000000ec1384c0) thrown at [/HUDSON3/workspace/8-2-build-linux-amd64/jdk8u112/7884/hotspot/src/share/vm/prims/jni.cpp, line 1613]
Event: 3.704 Thread 0x00007f29ac009000 Exception <a 'java/lang/NoSuchMethodError': <clinit>> (0x00000000ec143a28) thrown at [/HUDSON3/workspace/8-2-build-linux-amd64/jdk8u112/7884/hotspot/src/share/vm/prims/jni.cpp, line 1613]
Event: 3.902 Thread 0x00007f29ac009000 Exception <a 'java/lang/NoSuchMethodError': <clinit>> (0x00000000ec150920) thrown at [/HUDSON3/workspace/8-2-build-linux-amd64/jdk8u112/7884/hotspot/src/share/vm/prims/jni.cpp, line 1613]
Event: 5.638 Thread 0x00007f29ac009000 Exception <a 'java/lang/NoSuchMethodError': <clinit>> (0x00000000ec1bac98) thrown at [/HUDSON3/workspace/8-2-build-linux-amd64/jdk8u112/7884/hotspot/src/share/vm/prims/jni.cpp, line 1613]
Event: 5.808 Thread 0x00007f29ac009000 Exception <a 'java/lang/NoSuchMethodError': <clinit>> (0x00000000ec1c35b0) thrown at [/HUDSON3/workspace/8-2-build-linux-amd64/jdk8u112/7884/hotspot/src/share/vm/prims/jni.cpp, line 1613]
Event: 5.833 Thread 0x00007f29ac009000 Exception <a 'java/lang/NoSuchMethodError': <clinit>> (0x00000000ec1cdc68) thrown at [/HUDSON3/workspace/8-2-build-linux-amd64/jdk8u112/7884/hotspot/src/share/vm/prims/jni.cpp, line 1613]
Event: 5.976 Thread 0x00007f29ac009000 Exception <a 'java/lang/NoSuchMethodError': <clinit>> (0x00000000ec21a9b0) thrown at [/HUDSON3/workspace/8-2-build-linux-amd64/jdk8u112/7884/hotspot/src/share/vm/prims/jni.cpp, line 1613]
Event: 5.976 Thread 0x00007f29ac009000 Exception <a 'java/lang/NoSuchMethodError': <clinit>> (0x00000000ec21e670) thrown at [/HUDSON3/workspace/8-2-build-linux-amd64/jdk8u112/7884/hotspot/src/share/vm/prims/jni.cpp, line 1613]
Event: 12.118 Thread 0x00007f29ac009000 Implicit null exception at 0x00007f29fd1ca435 to 0x00007f29fd1ca7f1
Event: 12.152 Thread 0x00007f29ac009000 Implicit null exception at 0x00007f29fd192a76 to 0x00007f29fd192e39

Events (10 events):
Event: 18.672 loading class java/util/Spliterator$OfInt done
Event: 18.672 loading class org/codehaus/groovy/runtime/GStringImpl
Event: 18.672 loading class org/codehaus/groovy/runtime/GStringImpl done
Event: 18.684 loading class groovy/lang/GString$1
Event: 18.684 loading class groovy/lang/GString$1 done
Event: 18.691 loading class groovy/lang/StringWriterIOException
Event: 18.691 loading class groovy/lang/StringWriterIOException done
Event: 18.696 loading class org/codehaus/groovy/runtime/DefaultGroovyMethods
Event: 18.696 loading class org/codehaus/groovy/runtime/DefaultGroovyMethods done
Event: 18.712 Executing VM operation: CollectForMetadataAllocation


Dynamic libraries:
00400000-00401000 r-xp 00000000 08:14 3016117                            /home/yang/ssd/java/bin/java
00600000-00601000 rw-p 00000000 08:14 3016117                            /home/yang/ssd/java/bin/java
0191b000-0193c000 rw-p 00000000 00:00 0                                  [heap]
c0000000-c2980000 rw-p 00000000 00:00 0 
c2980000-eab00000 ---p 00000000 00:00 0 
eab00000-eee00000 rw-p 00000000 00:00 0 
f3900000-100000000 ---p 00000000 00:00 0 
100000000-100300000 rw-p 00000000 00:00 0 
100300000-140000000 ---p 00000000 00:00 0 
7f2994000000-7f2994021000 rw-p 00000000 00:00 0 
7f2994021000-7f2998000000 ---p 00000000 00:00 0 
7f299c000000-7f299c021000 rw-p 00000000 00:00 0 
7f299c021000-7f29a0000000 ---p 00000000 00:00 0 
7f29a0000000-7f29a0021000 rw-p 00000000 00:00 0 
7f29a0021000-7f29a4000000 ---p 00000000 00:00 0 
7f29a4000000-7f29a4021000 rw-p 00000000 00:00 0 
7f29a4021000-7f29a8000000 ---p 00000000 00:00 0 
7f29a8000000-7f29a8697000 rw-p 00000000 00:00 0 
7f29a8697000-7f29ac000000 ---p 00000000 00:00 0 
7f29ac000000-7f29ac021000 rw-p 00000000 00:00 0 
7f29ac021000-7f29b0000000 ---p 00000000 00:00 0 
7f29b0000000-7f29b0021000 rw-p 00000000 00:00 0 
7f29b0021000-7f29b4000000 ---p 00000000 00:00 0 
7f29b4000000-7f29b406d000 rw-p 00000000 00:00 0 
7f29b406d000-7f29b8000000 ---p 00000000 00:00 0 
7f29baca0000-7f29bae60000 rw-p 00000000 00:00 0 
7f29bae60000-7f29baea0000 ---p 00000000 00:00 0 
7f29baea0000-7f29baea1000 r--s 00002000 08:15 403997                     /home/yang/.gradle/caches/jars-2/macknsw9vm97voxjjxz5q0u91eantjj/kotlin-gradle-tooling.jar
7f29baea1000-7f29baea2000 r--s 00005000 08:15 403993                     /home/yang/.gradle/caches/jars-2/3krwyxohdg7wlx77ts8i89zwroqqtf1/grails-gradle-tooling.jar
7f29baed7000-7f29bb0d7000 rw-p 00000000 00:00 0 
7f29bb0d7000-7f29bb113000 r--s 0054a000 08:15 403995                     /home/yang/.gradle/caches/jars-2/b6nglrwb7a0fd9pi79oro0cyktyo0yp/sdk-tools.jar
7f29bb113000-7f29bb115000 r--s 0000d000 08:15 403989                     /home/yang/.gradle/caches/jars-2/41ayim5ry0kad3v79nxhm2okhqfowhe/gradle-tooling-extension-api.jar
7f29bb115000-7f29bb157000 r--s 00220000 08:15 403983                     /home/yang/.gradle/caches/jars-2/ri4x4oyo3jh80t28a0fs849li371h5s/gradle-core-3.5.jar
7f29bb157000-7f29bb17f000 r--s 001cf000 08:15 403979                     /home/yang/.gradle/caches/jars-2/87eo0lrvp84r6dbxjq018wy66es2era/guava-jdk5-17.0.jar
7f29bb17f000-7f29bb182000 ---p 00000000 00:00 0 
7f29bb182000-7f29bb280000 rw-p 00000000 00:00 0 
7f29bb280000-7f29bb2f9000 r--s 010e7000 08:14 3014728                    /home/yang/ssd/java/lib/tools.jar
7f29bb2f9000-7f29bb4f9000 rw-p 00000000 00:00 0 
7f29bb4f9000-7f29bb4fc000 ---p 00000000 00:00 0 
7f29bb4fc000-7f29bb5fa000 rw-p 00000000 00:00 0 
7f29bb5fa000-7f29bb5fd000 ---p 00000000 00:00 0 
7f29bb5fd000-7f29bb6fb000 rw-p 00000000 00:00 0 
7f29bb6fb000-7f29bb6fe000 ---p 00000000 00:00 0 
7f29bb6fe000-7f29bb7fc000 rw-p 00000000 00:00 0 
7f29bb7fc000-7f29bb7ff000 ---p 00000000 00:00 0 
7f29bb7ff000-7f29bb8fd000 rw-p 00000000 00:00 0 
7f29bb8fd000-7f29bb900000 ---p 00000000 00:00 0 
7f29bb900000-7f29bbbfe000 rw-p 00000000 00:00 0 
7f29bbbfe000-7f29bbc01000 ---p 00000000 00:00 0 
7f29bbc01000-7f29bbeff000 rw-p 00000000 00:00 0 
7f29bbeff000-7f29bbf02000 ---p 00000000 00:00 0 
7f29bbf02000-7f29bc000000 rw-p 00000000 00:00 0 
7f29bc000000-7f29bc021000 rw-p 00000000 00:00 0 
7f29bc021000-7f29c0000000 ---p 00000000 00:00 0 
7f29c0000000-7f29c0001000 r--s 00002000 08:15 403991                     /home/yang/.gradle/caches/jars-2/ja5pt8h3x04lxn6r9r9gczog7qmk0i4/external-system-rt.jar
7f29c0001000-7f29c0008000 r--s 0002a000 08:15 403987                     /home/yang/.gradle/caches/jars-2/g9oyvuxb4fqraavu2i5h8eg0iyggmf8/gradle-messaging-3.5.jar
7f29c0008000-7f29c000d000 r--s 00041000 08:15 403985                     /home/yang/.gradle/caches/jars-2/1i691ugm77z719iaqgz3wdl3b7s7ttu/commons-lang-2.6.jar
7f29c000d000-7f29c0016000 r--s 00047000 08:15 403981                     /home/yang/.gradle/caches/jars-2/jjltamdj3e218r4nstr1of96pyu3416/gradle-base-services-3.5.jar
7f29c0016000-7f29c0024000 r--s 00043000 08:15 403977                     /home/yang/.gradle/caches/jars-2/ikoil7jqlobtzqrikx8ydmbx8ypjs2h/gradle-tooling-api-3.5.jar
7f29c0024000-7f29c0045000 r--p 00000000 08:15 267480                     /usr/share/locale-langpack/zh_CN/LC_MESSAGES/libc.mo
7f29c0045000-7f29c004c000 r--s 00000000 08:15 1719631                    /usr/lib/x86_64-linux-gnu/gconv/gconv-modules.cache
7f29c004c000-7f29c004f000 ---p 00000000 00:00 0 
7f29c004f000-7f29c014d000 rw-p 00000000 00:00 0 
7f29c014d000-7f29c0156000 r-xp 00000000 08:14 3016235                    /home/yang/ssd/java/jre/lib/amd64/libmanagement.so
7f29c0156000-7f29c0355000 ---p 00009000 08:14 3016235                    /home/yang/ssd/java/jre/lib/amd64/libmanagement.so
7f29c0355000-7f29c0356000 rw-p 00008000 08:14 3016235                    /home/yang/ssd/java/jre/lib/amd64/libmanagement.so
7f29c0356000-7f29c035b000 r--s 00098000 08:14 3016143                    /home/yang/ssd/java/jre/lib/jsse.jar
7f29c035b000-7f29c035d000 r--s 00007000 08:14 3801208                    /home/yang/ssd/gradle/lib/plugins/gradle-tooling-api-builders-3.3.jar
7f29c035d000-7f29c0360000 r--s 00009000 08:14 3801201                    /home/yang/ssd/gradle/lib/plugins/gradle-testing-native-3.3.jar
7f29c0360000-7f29c0366000 r--s 00033000 08:14 3801276                    /home/yang/ssd/gradle/lib/plugins/snakeyaml-1.6.jar
7f29c0366000-7f29c0368000 r--s 00006000 08:14 3801275                    /home/yang/ssd/gradle/lib/plugins/jcommander-1.12.jar
7f29c0368000-7f29c036d000 r--s 00040000 08:14 3801274                    /home/yang/ssd/gradle/lib/plugins/bsh-2.0b4.jar
7f29c036d000-7f29c036f000 r--s 00009000 08:14 3801282                    /home/yang/ssd/gradle/lib/plugins/hamcrest-core-1.3.jar
7f29c036f000-7f29c0378000 r--s 00089000 08:14 3801233                    /home/yang/ssd/gradle/lib/plugins/testng-6.3.1.jar
7f29c0378000-7f29c0380000 r--s 00045000 08:14 3801232                    /home/yang/ssd/gradle/lib/plugins/junit-4.12.jar
7f29c0380000-7f29c0386000 r--s 0002e000 08:14 3801202                    /home/yang/ssd/gradle/lib/plugins/gradle-testing-jvm-3.3.jar
7f29c0386000-7f29c038a000 r--s 00016000 08:14 3801200                    /home/yang/ssd/gradle/lib/plugins/gradle-testing-base-3.3.jar
7f29c038a000-7f29c0391000 r--s 00038000 08:14 3801227                    /home/yang/ssd/gradle/lib/plugins/bcpg-jdk15on-1.51.jar
7f29c0391000-7f29c0393000 r--s 0000c000 08:14 3801179                    /home/yang/ssd/gradle/lib/plugins/gradle-signing-3.3.jar
7f29c0393000-7f29c0395000 r--s 00007000 08:14 3801178                    /home/yang/ssd/gradle/lib/plugins/gradle-scala-3.3.jar
7f29c0395000-7f29c03a5000 r--s 00088000 08:14 3801243                    /home/yang/ssd/gradle/lib/plugins/joda-time-2.8.2.jar
7f29c03a5000-7f29c03b6000 r--s 0010d000 08:14 3801242                    /home/yang/ssd/gradle/lib/plugins/jackson-databind-2.6.6.jar
7f29c03b6000-7f29c03b9000 r--s 00009000 08:14 3801241                    /home/yang/ssd/gradle/lib/plugins/jackson-annotations-2.6.6.jar
7f29c03b9000-7f29c03bd000 r--s 0003c000 08:14 3801240                    /home/yang/ssd/gradle/lib/plugins/jackson-core-2.6.6.jar
7f29c03bd000-7f29c03cb000 r--s 00087000 08:14 3801239                    /home/yang/ssd/gradle/lib/plugins/aws-java-sdk-core-1.11.6.jar
7f29c03cb000-7f29c03d2000 r--s 00057000 08:14 3801238                    /home/yang/ssd/gradle/lib/plugins/aws-java-sdk-kms-1.11.6.jar
7f29c03d2000-7f29c03df000 r--s 0008e000 08:14 3801237                    /home/yang/ssd/gradle/lib/plugins/aws-java-sdk-s3-1.11.6.jar
7f29c03df000-7f29c03e1000 r--s 00004000 08:14 3801207                    /home/yang/ssd/gradle/lib/plugins/gradle-resources-s3-3.3.jar
7f29c03e1000-7f29c03e3000 r--s 00005000 08:14 3801231                    /home/yang/ssd/gradle/lib/plugins/jatl-0.2.2.jar
7f29c03e3000-7f29c03e5000 r--s 0000f000 08:14 3801184                    /home/yang/ssd/gradle/lib/plugins/gradle-reporting-3.3.jar
7f29c03e5000-7f29c03e7000 r--s 00002000 08:14 3801185                    /home/yang/ssd/gradle/lib/plugins/gradle-publish-3.3.jar
7f29c03e7000-7f29c03e9000 r--s 00009000 08:14 3801214                    /home/yang/ssd/gradle/lib/plugins/commons-cli-1.2.jar
7f29c03e9000-7f29c03ef000 r--s 00031000 08:14 3801170                    /home/yang/ssd/gradle/lib/plugins/gradle-plugins-3.3.jar
7f29c03ef000-7f29c03f1000 r--s 00009000 08:14 3801203                    /home/yang/ssd/gradle/lib/plugins/gradle-plugin-development-3.3.jar
7f29c03f1000-7f29c03f7000 r--s 0002b000 08:14 3801196                    /home/yang/ssd/gradle/lib/plugins/gradle-platform-play-3.3.jar
7f29c03f7000-7f29c0405000 r--s 00055000 08:14 3801195                    /home/yang/ssd/gradle/lib/plugins/gradle-platform-native-3.3.jar
7f29c0405000-7f29c040a000 r--s 0001f000 08:14 3801190                    /home/yang/ssd/gradle/lib/plugins/gradle-platform-jvm-3.3.jar
7f29c040a000-7f29c0412000 r--s 00027000 08:14 3801189                    /home/yang/ssd/gradle/lib/plugins/gradle-platform-base-3.3.jar
7f29c0412000-7f29c043a000 r--s 0021c000 08:14 3801222                    /home/yang/ssd/gradle/lib/plugins/biz.aQute.bndlib-3.2.0.jar
7f29c043a000-7f29c0450000 r-xp 00000000 08:15 659338                     /lib/x86_64-linux-gnu/libgcc_s.so.1
7f29c0450000-7f29c064f000 ---p 00016000 08:15 659338                     /lib/x86_64-linux-gnu/libgcc_s.so.1
7f29c064f000-7f29c0650000 rw-p 00015000 08:15 659338                     /lib/x86_64-linux-gnu/libgcc_s.so.1
7f29c0650000-7f29c07c2000 r-xp 00000000 08:15 1441162                    /usr/lib/x86_64-linux-gnu/libstdc++.so.6.0.21
7f29c07c2000-7f29c09c2000 ---p 00172000 08:15 1441162                    /usr/lib/x86_64-linux-gnu/libstdc++.so.6.0.21
7f29c09c2000-7f29c09cc000 r--p 00172000 08:15 1441162                    /usr/lib/x86_64-linux-gnu/libstdc++.so.6.0.21
7f29c09cc000-7f29c09ce000 rw-p 0017c000 08:15 1441162                    /usr/lib/x86_64-linux-gnu/libstdc++.so.6.0.21
7f29c09ce000-7f29c09d2000 rw-p 00000000 00:00 0 
7f29c09d2000-7f29c09d7000 r-xp 00000000 08:15 403926                     /home/yang/.gradle/native/23/linux-amd64/libnative-platform.so
7f29c09d7000-7f29c0bd6000 ---p 00005000 08:15 403926                     /home/yang/.gradle/native/23/linux-amd64/libnative-platform.so
7f29c0bd6000-7f29c0bd7000 rw-p 00004000 08:15 403926                     /home/yang/.gradle/native/23/linux-amd64/libnative-platform.so
7f29c0bd7000-7f29c0be8000 r-xp 00000000 08:14 3016224                    /home/yang/ssd/java/jre/lib/amd64/libnio.so
7f29c0be8000-7f29c0de7000 ---p 00011000 08:14 3016224                    /home/yang/ssd/java/jre/lib/amd64/libnio.so
7f29c0de7000-7f29c0de8000 rw-p 00010000 08:14 3016224                    /home/yang/ssd/java/jre/lib/amd64/libnio.so
7f29c0de8000-7f29c3de9000 rw-p 00000000 00:00 0 
7f29c3de9000-7f29c3dff000 r-xp 00000000 08:14 3016199                    /home/yang/ssd/java/jre/lib/amd64/libnet.so
7f29c3dff000-7f29c3fff000 ---p 00016000 08:14 3016199                    /home/yang/ssd/java/jre/lib/amd64/libnet.so
7f29c3fff000-7f29c4000000 rw-p 00016000 08:14 3016199                    /home/yang/ssd/java/jre/lib/amd64/libnet.so
7f29c4000000-7f29c4021000 rw-p 00000000 00:00 0 
7f29c4021000-7f29c8000000 ---p 00000000 00:00 0 
7f29c8000000-7f29c8021000 rw-p 00000000 00:00 0 
7f29c8021000-7f29cc000000 ---p 00000000 00:00 0 
7f29cc000000-7f29cdb5c000 rw-p 00000000 00:00 0 
7f29cdb5c000-7f29d0000000 ---p 00000000 00:00 0 
7f29d0000000-7f29d0614000 rw-p 00000000 00:00 0 
7f29d0614000-7f29d4000000 ---p 00000000 00:00 0 
7f29d4000000-7f29d4021000 rw-p 00000000 00:00 0 
7f29d4021000-7f29d8000000 ---p 00000000 00:00 0 
7f29d8000000-7f29da121000 rw-p 00000000 00:00 0 
7f29da121000-7f29dc000000 ---p 00000000 00:00 0 
7f29dc000000-7f29dc021000 rw-p 00000000 00:00 0 
7f29dc021000-7f29e0000000 ---p 00000000 00:00 0 
7f29e0000000-7f29e0021000 rw-p 00000000 00:00 0 
7f29e0021000-7f29e4000000 ---p 00000000 00:00 0 
7f29e4000000-7f29e4021000 rw-p 00000000 00:00 0 
7f29e4021000-7f29e8000000 ---p 00000000 00:00 0 
7f29e8000000-7f29e82cd000 rw-p 00000000 00:00 0 
7f29e82cd000-7f29ec000000 ---p 00000000 00:00 0 
7f29ec000000-7f29ec021000 rw-p 00000000 00:00 0 
7f29ec021000-7f29f0000000 ---p 00000000 00:00 0 
7f29f0000000-7f29f0021000 rw-p 00000000 00:00 0 
7f29f0021000-7f29f4000000 ---p 00000000 00:00 0 
7f29f4000000-7f29f4021000 rw-p 00000000 00:00 0 
7f29f4021000-7f29f8000000 ---p 00000000 00:00 0 
7f29f8000000-7f29f8001000 r--s 00004000 08:14 3801206                    /home/yang/ssd/gradle/lib/plugins/gradle-resources-sftp-3.3.jar
7f29f8001000-7f29f8003000 r--s 00003000 08:14 3801174                    /home/yang/ssd/gradle/lib/plugins/gradle-osgi-3.3.jar
7f29f8003000-7f29f8006000 r--s 0000c000 08:14 3801225                    /home/yang/ssd/gradle/lib/plugins/pmaven-groovy-0.8-20100325.jar
7f29f8006000-7f29f8007000 r--s 00004000 08:14 3801224                    /home/yang/ssd/gradle/lib/plugins/pmaven-common-0.8-20100325.jar
7f29f8007000-7f29f800d000 r--s 00023000 08:14 3801175                    /home/yang/ssd/gradle/lib/plugins/gradle-maven-3.3.jar
7f29f800d000-7f29f8010000 r--s 0000b000 08:14 3801194                    /home/yang/ssd/gradle/lib/plugins/gradle-language-scala-3.3.jar
7f29f8010000-7f29f8016000 r--s 0001a000 08:14 3801198                    /home/yang/ssd/gradle/lib/plugins/gradle-language-native-3.3.jar
7f29f8016000-7f29f8019000 r--s 00005000 08:14 3801191                    /home/yang/ssd/gradle/lib/plugins/gradle-language-jvm-3.3.jar
7f29f8019000-7f29f801f000 r--s 00027000 08:14 3801192                    /home/yang/ssd/gradle/lib/plugins/gradle-language-java-3.3.jar
7f29f801f000-7f29f8021000 r--s 0000a000 08:14 3801193                    /home/yang/ssd/gradle/lib/plugins/gradle-language-groovy-3.3.jar
7f29f8021000-7f29f8024000 r--s 0001e000 08:14 3801249                    /home/yang/ssd/gradle/lib/plugins/jsp-api-2.1-6.1.14.jar
7f29f8024000-7f29f8047000 r--s 00344000 08:14 3801248                    /home/yang/ssd/gradle/lib/plugins/core-3.1.1.jar
7f29f8047000-7f29f8048000 r--s 00006000 08:14 3801247                    /home/yang/ssd/gradle/lib/plugins/jetty-naming-6.1.26.jar
7f29f8048000-7f29f8049000 r--s 00002000 08:14 3801221                    /home/yang/ssd/gradle/lib/plugins/geronimo-annotation_1.0_spec-1.0.jar
7f29f8049000-7f29f804b000 r--s 00002000 08:14 3801220                    /home/yang/ssd/gradle/lib/plugins/jetty-annotations-6.1.26.jar
7f29f804b000-7f29f805c000 r--s 000ea000 08:14 3801219                    /home/yang/ssd/gradle/lib/plugins/jsp-2.1-6.1.14.jar
7f29f805c000-7f29f805e000 r--s 0000d000 08:14 3801218                    /home/yang/ssd/gradle/lib/plugins/jetty-plus-6.1.26.jar
7f29f805e000-7f29f8060000 r--s 0001f000 08:14 3801217                    /home/yang/ssd/gradle/lib/plugins/servlet-api-2.5-20081211.jar
7f29f8060000-7f29f8064000 r--s 00028000 08:14 3801216                    /home/yang/ssd/gradle/lib/plugins/jetty-util-6.1.26.jar
7f29f8064000-7f29f806b000 r--s 0007d000 08:14 3801215                    /home/yang/ssd/gradle/lib/plugins/jetty-6.1.26.jar
7f29f806b000-7f29f806d000 r--s 0000a000 08:14 3801172                    /home/yang/ssd/gradle/lib/plugins/gradle-jetty-3.3.jar
7f29f806d000-7f29f8074000 r--s 00035000 08:14 3801230                    /home/yang/ssd/gradle/lib/plugins/simple-4.1.21.jar
7f29f8074000-7f29f8080000 r--s 00100000 08:14 3801228                    /home/yang/ssd/gradle/lib/plugins/rhino-1.7R3.jar
7f29f8080000-7f29f8084000 r--s 00012000 08:14 3801181                    /home/yang/ssd/gradle/lib/plugins/gradle-javascript-3.3.jar
7f29f8084000-7f29f8086000 r--s 0000d000 08:14 3801187                    /home/yang/ssd/gradle/lib/plugins/gradle-jacoco-3.3.jar
7f29f8086000-7f29f8089000 r--s 0000e000 08:14 3801186                    /home/yang/ssd/gradle/lib/plugins/gradle-ivy-3.3.jar
7f29f8089000-7f29f808a000 r--s 00002000 08:14 3801197                    /home/yang/ssd/gradle/lib/plugins/gradle-ide-play-3.3.jar
7f29f808a000-7f29f808d000 r--s 00013000 08:14 3801199                    /home/yang/ssd/gradle/lib/plugins/gradle-ide-native-3.3.jar
7f29f808d000-7f29f8096000 r--s 00055000 08:14 3801176                    /home/yang/ssd/gradle/lib/plugins/gradle-ide-3.3.jar
7f29f8096000-7f29f8098000 r--s 00007000 08:14 3801180                    /home/yang/ssd/gradle/lib/plugins/gradle-ear-3.3.jar
7f29f8098000-7f29f809e000 r--s 00039000 08:14 3801183                    /home/yang/ssd/gradle/lib/plugins/gradle-diagnostics-3.3.jar
7f29f809e000-7f29f809f000 r--s 00009000 08:14 3801209                    /home/yang/ssd/gradle/lib/plugins/gradle-composite-builds-3.3.jar
7f29f809f000-7f29f80a3000 r--s 00023000 08:14 3801171                    /home/yang/ssd/gradle/lib/plugins/gradle-code-quality-3.3.jar
7f29f80a3000-7f29f80a7000 r--s 00022000 08:14 3801188                    /home/yang/ssd/gradle/lib/plugins/gradle-build-init-3.3.jar
7f29f80a7000-7f29f80ad000 r--s 0008e000 08:14 3801182                    /home/yang/ssd/gradle/lib/plugins/gradle-build-comparison-3.3.jar
7f29f80ad000-7f29f80ae000 r--s 00001000 08:14 3801210                    /home/yang/ssd/gradle/lib/plugins/gradle-build-cache-http-3.3.jar
7f29f80ae000-7f29f80b0000 r--s 00008000 08:14 3801173                    /home/yang/ssd/gradle/lib/plugins/gradle-antlr-3.3.jar
7f29f80b0000-7f29f80b2000 r--s 00004000 08:14 3801177                    /home/yang/ssd/gradle/lib/plugins/gradle-announce-3.3.jar
7f29f80b2000-7f29f80ca000 r--s 00115000 08:14 3801279                    /home/yang/ssd/gradle/lib/plugins/xercesImpl-2.9.1.jar
7f29f80ca000-7f29f80d2000 r--s 00028000 08:14 3801280                    /home/yang/ssd/gradle/lib/plugins/xml-apis-1.3.04.jar
7f29f80d2000-7f29f80d8000 r--s 0005b000 08:14 3801278                    /home/yang/ssd/gradle/lib/plugins/jcifs-1.3.17.jar
7f29f80d8000-7f29f80de000 r--s 00033000 08:14 3801226                    /home/yang/ssd/gradle/lib/plugins/commons-codec-1.6.jar
7f29f80de000-7f29f80e5000 r--s 00049000 08:14 3801277                    /home/yang/ssd/gradle/lib/plugins/httpcore-4.4.4.jar
7f29f80e5000-7f29f80e8000 r--s 0001c000 08:14 3801235                    /home/yang/ssd/gradle/lib/plugins/nekohtml-1.9.14.jar
7f29f80e8000-7f29f80f5000 r--s 000a4000 08:14 3801234                    /home/yang/ssd/gradle/lib/plugins/httpclient-4.4.1.jar
7f29f80f5000-7f29f80f8000 r--s 0000a000 08:14 3801205                    /home/yang/ssd/gradle/lib/plugins/gradle-resources-http-3.3.jar
7f29f80f8000-7f29f80fc000 r--s 00015000 08:14 3801204                    /home/yang/ssd/gradle/lib/plugins/gradle-plugin-use-3.3.jar
7f29f80fc000-7f29f80fd000 r--s 00000000 08:14 3801116                    /home/yang/ssd/gradle/lib/gradle-installation-beacon-3.3.jar
7f29f80fd000-7f29f80ff000 r--s 00006000 08:14 3801273                    /home/yang/ssd/gradle/lib/plugins/aether-connector-wagon-1.13.1.jar
7f29f80ff000-7f29f8103000 r--s 0001c000 08:14 3801272                    /home/yang/ssd/gradle/lib/plugins/aether-util-1.13.1.jar
7f29f8103000-7f29f8104000 r--s 00003000 08:14 3801271                    /home/yang/ssd/gradle/lib/plugins/aether-spi-1.13.1.jar
7f29f8104000-7f29f8107000 r--s 0001d000 08:14 3801270                    /home/yang/ssd/gradle/lib/plugins/aether-impl-1.13.1.jar
7f29f8107000-7f29f810a000 r--s 00013000 08:14 3801269                    /home/yang/ssd/gradle/lib/plugins/aether-api-1.13.1.jar
7f29f810a000-7f29f810b000 r--s 00007000 08:14 3801268                    /home/yang/ssd/gradle/lib/plugins/wagon-http-shared4-2.4.jar
7f29f810b000-7f29f810d000 r--s 0000b000 08:14 3801267                    /home/yang/ssd/gradle/lib/plugins/wagon-provider-api-2.4.jar
7f29f810d000-7f29f810e000 r--s 00002000 08:14 3801266                    /home/yang/ssd/gradle/lib/plugins/wagon-http-2.4.jar
7f29f810e000-7f29f810f000 r--s 00002000 08:14 3801265                    /home/yang/ssd/gradle/lib/plugins/wagon-file-2.4.jar
7f29f810f000-7f29f8111000 r--s 0000c000 08:14 3801264                    /home/yang/ssd/gradle/lib/plugins/maven-aether-provider-3.0.4.jar
7f29f8111000-7f29f8113000 r--s 0000b000 08:14 3801263                    /home/yang/ssd/gradle/lib/plugins/maven-plugin-api-3.0.4.jar
7f29f8113000-7f29f8115000 r--s 00006000 08:14 3801262                    /home/yang/ssd/gradle/lib/plugins/maven-repository-metadata-3.0.4.jar
7f29f8115000-7f29f8117000 r--s 0000b000 08:14 3801261                    /home/yang/ssd/gradle/lib/plugins/maven-artifact-3.0.4.jar
7f29f8117000-7f29f8119000 r--s 00026000 08:14 3801260                    /home/yang/ssd/gradle/lib/plugins/maven-model-3.0.4.jar
7f29f8119000-7f29f811d000 r--s 00021000 08:14 3801259                    /home/yang/ssd/gradle/lib/plugins/maven-model-builder-3.0.4.jar
7f29f811d000-7f29f8123000 r--s 0003f000 08:14 3801258                    /home/yang/ssd/gradle/lib/plugins/maven-compat-3.0.4.jar
7f29f8123000-7f29f8124000 r--s 00006000 08:14 3801257                    /home/yang/ssd/gradle/lib/plugins/plexus-sec-dispatcher-1.3.jar
7f29f8124000-7f29f8126000 r--s 00002000 08:14 3801256                    /home/yang/ssd/gradle/lib/plugins/plexus-cipher-1.7.jar
7f29f8126000-7f29f8128000 r--s 0000a000 08:14 3801255                    /home/yang/ssd/gradle/lib/plugins/plexus-classworlds-2.4.jar
7f29f8128000-7f29f812f000 r--s 0002e000 08:14 3801254                    /home/yang/ssd/gradle/lib/plugins/plexus-container-default-1.5.5.jar
7f29f812f000-7f29f8131000 r--s 00000000 08:14 3801281                    /home/yang/ssd/gradle/lib/plugins/plexus-component-annotations-1.5.5.jar
7f29f8131000-7f29f8133000 r--s 0000d000 08:14 3801253                    /home/yang/ssd/gradle/lib/plugins/plexus-interpolation-1.14.jar
7f29f8133000-7f29f8137000 r--s 00033000 08:14 3801252                    /home/yang/ssd/gradle/lib/plugins/plexus-utils-2.0.6.jar
7f29f8137000-7f29f813a000 r--s 00008000 08:14 3801251                    /home/yang/ssd/gradle/lib/plugins/maven-settings-builder-3.0.4.jar
7f29f813a000-7f29f813c000 r--s 0000a000 08:14 3801250                    /home/yang/ssd/gradle/lib/plugins/maven-settings-3.0.4.jar
7f29f813c000-7f29f8141000 r--s 00040000 08:14 3801236                    /home/yang/ssd/gradle/lib/plugins/jsch-0.1.53.jar
7f29f8141000-7f29f8181000 r--s 00277000 08:14 3801246                    /home/yang/ssd/gradle/lib/plugins/bcprov-jdk15on-1.51.jar
7f29f8181000-7f29f8185000 r--s 0001d000 08:14 3801245                    /home/yang/ssd/gradle/lib/plugins/xbean-reflect-3.4.jar
7f29f8185000-7f29f8191000 r--s 0007d000 08:14 3801223                    /home/yang/ssd/gradle/lib/plugins/maven-core-3.0.4.jar
7f29f8191000-7f29f8196000 r--s 00034000 08:14 3801229                    /home/yang/ssd/gradle/lib/plugins/gson-2.7.jar
7f29f8196000-7f29f81a5000 r--s 000d9000 08:14 3801244                    /home/yang/ssd/gradle/lib/plugins/ivy-2.2.0.jar
7f29f81a5000-7f29f81c4000 r--s 000f6000 08:14 3801212                    /home/yang/ssd/gradle/lib/plugins/gradle-dependency-management-3.3.jar
7f29f81c4000-7f29f81c6000 r--s 00005000 08:14 3801211                    /home/yang/ssd/gradle/lib/plugins/gradle-workers-3.3.jar
7f29f81c6000-7f29f81d0000 r--s 00116000 08:14 3016278                    /home/yang/ssd/java/jre/lib/ext/localedata.jar
7f29f81d0000-7f29f81ec000 r--s 00393000 08:14 3016281                    /home/yang/ssd/java/jre/lib/ext/cldrdata.jar
7f29f81ec000-7f29f81ed000 r--s 00006000 08:14 3801115                    /home/yang/ssd/gradle/lib/gradle-wrapper-3.3.jar
7f29f81ed000-7f29f81fa000 r--s 00041000 08:14 3801122                    /home/yang/ssd/gradle/lib/gradle-tooling-api-3.3.jar
7f29f81fa000-7f29f81fc000 r--s 00002000 08:14 3801142                    /home/yang/ssd/gradle/lib/gradle-open-api-3.3.jar
7f29f81fc000-7f29f8202000 r--s 00032000 08:14 3801144                    /home/yang/ssd/gradle/lib/jaxen-1.1.jar
7f29f8202000-7f29f8207000 r--s 00048000 08:14 3801143                    /home/yang/ssd/gradle/lib/dom4j-1.6.1.jar
7f29f8207000-7f29f8212000 r--s 00059000 08:14 3801121                    /home/yang/ssd/gradle/lib/gradle-ui-3.3.jar
7f29f8212000-7f29f821b000 r--s 0008c000 08:14 3801113                    /home/yang/ssd/gradle/lib/kotlin-stdlib-1.1-M02.jar
7f29f821b000-7f29f8221000 r--s 0002a000 08:14 3801112                    /home/yang/ssd/gradle/lib/kotlin-runtime-1.1-M02.jar
7f29f8221000-7f29f8255000 r--s 00256000 08:14 3801111                    /home/yang/ssd/gradle/lib/kotlin-reflect-1.1-M02.jar
7f29f8255000-7f29f83eb000 r--s 0157e000 08:14 3801110                    /home/yang/ssd/gradle/lib/kotlin-compiler-embeddable-1.1-M02.jar
7f29f83eb000-7f29f83f3000 r--s 0004e000 08:14 3801109                    /home/yang/ssd/gradle/lib/gradle-script-kotlin-0.5.1.jar
7f29f83f3000-7f29f83f6000 r--s 0000b000 08:14 3801140                    /home/yang/ssd/gradle/lib/gradle-resources-3.3.jar
7f29f83f6000-7f29f83f8000 r--s 00003000 08:14 3801149                    /home/yang/ssd/gradle/lib/jcl-over-slf4j-1.7.10.jar
7f29f83f8000-7f29f83f9000 r--s 00005000 08:14 3801148                    /home/yang/ssd/gradle/lib/log4j-over-slf4j-1.7.10.jar
7f29f83f9000-7f29f83fb000 r--s 00000000 08:14 3801147                    /home/yang/ssd/gradle/lib/jul-to-slf4j-1.7.10.jar
7f29f83fb000-7f29f8400000 r--s 0001e000 08:14 3801124                    /home/yang/ssd/gradle/lib/gradle-logging-3.3.jar
7f29f8400000-7f29f8402000 r--s 00007000 08:14 3801168                    /home/yang/ssd/gradle/lib/objenesis-1.2.jar
7f29f8402000-7f29f8404000 r--s 00000000 08:14 3801167                    /home/yang/ssd/gradle/lib/minlog-1.2.jar
7f29f8404000-7f29f8406000 r--s 0000f000 08:14 3801166                    /home/yang/ssd/gradle/lib/reflectasm-1.07-shaded.jar
7f29f8406000-7f29f840a000 r--s 00026000 08:14 3801151                    /home/yang/ssd/gradle/lib/kryo-2.20.jar
7f29f840a000-7f29f8410000 r--s 00027000 08:14 3801139                    /home/yang/ssd/gradle/lib/gradle-messaging-3.3.jar
7f29f8410000-7f29f8411000 r--s 00001000 08:14 3801165                    /home/yang/ssd/gradle/lib/native-platform-linux-i386-ncurses6-0.12.jar
7f29f8411000-7f29f8412000 r--s 00001000 08:14 3801164                    /home/yang/ssd/gradle/lib/native-platform-linux-i386-ncurses5-0.12.jar
7f29f8412000-7f29f8413000 r--s 00001000 08:14 3801163                    /home/yang/ssd/gradle/lib/native-platform-linux-amd64-ncurses6-0.12.jar
7f29f8413000-7f29f8414000 r--s 00001000 08:14 3801162                    /home/yang/ssd/gradle/lib/native-platform-linux-amd64-ncurses5-0.12.jar
7f29f8414000-7f29f8415000 r--s 0000b000 08:14 3801161                    /home/yang/ssd/gradle/lib/native-platform-windows-i386-0.12.jar
7f29f8415000-7f29f8417000 r--s 0000b000 08:14 3801160                    /home/yang/ssd/gradle/lib/native-platform-windows-amd64-0.12.jar
7f29f8417000-7f29f8419000 r--s 00002000 08:14 3801159                    /home/yang/ssd/gradle/lib/native-platform-osx-i386-0.12.jar
7f29f8419000-7f29f841a000 r--s 00002000 08:14 3801158                    /home/yang/ssd/gradle/lib/native-platform-osx-amd64-0.12.jar
7f29f841a000-7f29f841b000 r--s 00002000 08:14 3801157                    /home/yang/ssd/gradle/lib/native-platform-linux-i386-0.12.jar
7f29f841b000-7f29f841c000 r--s 00002000 08:14 3801156                    /home/yang/ssd/gradle/lib/native-platform-linux-amd64-0.12.jar
7f29f841c000-7f29f841d000 r--s 00003000 08:14 3801155                    /home/yang/ssd/gradle/lib/native-platform-freebsd-i386-libstdcpp-0.12.jar
7f29f841d000-7f29f841e000 r--s 00004000 08:14 3801154                    /home/yang/ssd/gradle/lib/native-platform-freebsd-i386-libcpp-0.12.jar
7f29f841e000-7f29f8420000 r--s 00003000 08:14 3801153                    /home/yang/ssd/gradle/lib/native-platform-freebsd-amd64-libstdcpp-0.12.jar
7f29f8420000-7f29f8421000 r--s 00004000 08:14 3801152                    /home/yang/ssd/gradle/lib/native-platform-freebsd-amd64-libcpp-0.12.jar
7f29f8421000-7f29f8424000 r--s 00023000 08:14 3801146                    /home/yang/ssd/gradle/lib/jansi-1.14.jar
7f29f8424000-7f29f8428000 r--s 00011000 08:14 3801145                    /home/yang/ssd/gradle/lib/native-platform-0.12.jar
7f29f8428000-7f29f842b000 r--s 0000a000 08:14 3801123                    /home/yang/ssd/gradle/lib/gradle-native-3.3.jar
7f29f842b000-7f29f842d000 r--s 00005000 08:14 3801120                    /home/yang/ssd/gradle/lib/gradle-cli-3.3.jar
7f29f842d000-7f29f842f000 r--s 00007000 08:14 3801131                    /home/yang/ssd/gradle/lib/gradle-model-groovy-3.3.jar
7f29f842f000-7f29f8431000 r--s 00006000 08:14 3801138                    /home/yang/ssd/gradle/lib/gradle-base-services-groovy-3.3.jar
7f29f8431000-7f29f8440000 r--s 0007f000 08:14 3801130                    /home/yang/ssd/gradle/lib/gradle-model-core-3.3.jar
7f29f8440000-7f29f8441000 r--s 00002000 08:14 3801141                    /home/yang/ssd/gradle/lib/gradle-docs-3.3.jar
7f29f8441000-7f29f8445000 r--s 00027000 08:14 3801135                    /home/yang/ssd/gradle/lib/commons-io-2.2.jar
7f29f8445000-7f29f8452000 r--s 00083000 08:14 3801134                    /home/yang/ssd/gradle/lib/commons-collections-3.2.2.jar
7f29f8452000-7f29f8457000 r--s 00038000 08:14 3801132                    /home/yang/ssd/gradle/lib/asm-all-5.1.jar
7f29f8457000-7f29f84c7000 r--s 00641000 08:14 3801129                    /home/yang/ssd/gradle/lib/groovy-all-2.4.7.jar
7f29f84c7000-7f29f84ef000 r--s 001cf000 08:14 3801126                    /home/yang/ssd/gradle/lib/guava-jdk5-17.0.jar
7f29f84ef000-7f29f850e000 r--s 001d1000 08:14 3801133                    /home/yang/ssd/gradle/lib/ant-1.9.6.jar
7f29f850e000-7f29f8517000 r--s 00042000 08:14 3801117                    /home/yang/ssd/gradle/lib/gradle-base-services-3.3.jar
7f29f8517000-7f29f8554000 r--s 001f8000 08:14 3801119                    /home/yang/ssd/gradle/lib/gradle-core-3.3.jar
7f29f8554000-7f29f8561000 r--s 0005c000 08:14 3801114                    /home/yang/ssd/gradle/lib/gradle-launcher-3.3.jar
7f29f8561000-7f29f8562000 ---p 00000000 00:00 0 
7f29f8562000-7f29f8662000 rw-p 00000000 00:00 0 
7f29f8662000-7f29f8665000 ---p 00000000 00:00 0 
7f29f8665000-7f29f8763000 rw-p 00000000 00:00 0 
7f29f8763000-7f29f8766000 ---p 00000000 00:00 0 
7f29f8766000-7f29f8864000 rw-p 00000000 00:00 0 
7f29f8864000-7f29f8867000 ---p 00000000 00:00 0 
7f29f8867000-7f29f8965000 rw-p 00000000 00:00 0 
7f29f8965000-7f29f8968000 ---p 00000000 00:00 0 
7f29f8968000-7f29f8a66000 rw-p 00000000 00:00 0 
7f29f8a66000-7f29f8a69000 ---p 00000000 00:00 0 
7f29f8a69000-7f29f8b67000 rw-p 00000000 00:00 0 
7f29f8b67000-7f29f8ff2000 r--p 00000000 08:15 1439897                    /usr/lib/locale/locale-archive
7f29f8ff2000-7f29f8ff5000 ---p 00000000 00:00 0 
7f29f8ff5000-7f29f90f3000 rw-p 00000000 00:00 0 
7f29f90f3000-7f29f90f6000 ---p 00000000 00:00 0 
7f29f90f6000-7f29f91f4000 rw-p 00000000 00:00 0 
7f29f91f4000-7f29f91f5000 ---p 00000000 00:00 0 
7f29f91f5000-7f29fa225000 rw-p 00000000 00:00 0 
7f29fa225000-7f29fa3fe000 r--s 03d2c000 08:14 3016191                    /home/yang/ssd/java/jre/lib/rt.jar
7f29fa3fe000-7f29fcdfe000 rw-p 00000000 00:00 0 
7f29fcdfe000-7f29fcdff000 ---p 00000000 00:00 0 
7f29fcdff000-7f29fceff000 rw-p 00000000 00:00 0 
7f29fceff000-7f29fcf00000 ---p 00000000 00:00 0 
7f29fcf00000-7f29fd000000 rw-p 00000000 00:00 0 
7f29fd000000-7f29fd570000 rwxp 00000000 00:00 0 
7f29fd570000-7f2a0c000000 ---p 00000000 00:00 0 
7f2a0c000000-7f2a0cd35000 rw-p 00000000 00:00 0 
7f2a0cd35000-7f2a10000000 ---p 00000000 00:00 0 
7f2a10000000-7f2a10001000 r--s 00000000 08:14 3801137                    /home/yang/ssd/gradle/lib/javax.inject-1.jar
7f2a10001000-7f2a10002000 r--s 00000000 08:14 3801136                    /home/yang/ssd/gradle/lib/jcip-annotations-1.0.jar
7f2a10002000-7f2a10003000 r--s 00001000 08:14 3801128                    /home/yang/ssd/gradle/lib/gradle-process-services-3.3.jar
7f2a10003000-7f2a10005000 r--s 00000000 08:14 3801118                    /home/yang/ssd/gradle/lib/gradle-jvm-services-3.3.jar
7f2a10005000-7f2a100ff000 rw-p 00000000 00:00 0 
7f2a100ff000-7f2a10100000 ---p 00000000 00:00 0 
7f2a10100000-7f2a10200000 rw-p 00000000 00:00 0 
7f2a10200000-7f2a10201000 ---p 00000000 00:00 0 
7f2a10201000-7f2a10316000 rw-p 00000000 00:00 0 
7f2a10316000-7f2a10457000 ---p 00000000 00:00 0 
7f2a10457000-7f2a1046c000 rw-p 00000000 00:00 0 
7f2a1046c000-7f2a105ac000 ---p 00000000 00:00 0 
7f2a105ac000-7f2a105ce000 rw-p 00000000 00:00 0 
7f2a105ce000-7f2a10657000 ---p 00000000 00:00 0 
7f2a10657000-7f2a1066e000 rw-p 00000000 00:00 0 
7f2a1066e000-7f2a10a18000 ---p 00000000 00:00 0 
7f2a10a18000-7f2a10a32000 r-xp 00000000 08:14 3016222                    /home/yang/ssd/java/jre/lib/amd64/libzip.so
7f2a10a32000-7f2a10c32000 ---p 0001a000 08:14 3016222                    /home/yang/ssd/java/jre/lib/amd64/libzip.so
7f2a10c32000-7f2a10c33000 rw-p 0001a000 08:14 3016222                    /home/yang/ssd/java/jre/lib/amd64/libzip.so
7f2a10c33000-7f2a10c3e000 r-xp 00000000 08:15 694368                     /lib/x86_64-linux-gnu/libnss_files-2.23.so
7f2a10c3e000-7f2a10e3d000 ---p 0000b000 08:15 694368                     /lib/x86_64-linux-gnu/libnss_files-2.23.so
7f2a10e3d000-7f2a10e3e000 r--p 0000a000 08:15 694368                     /lib/x86_64-linux-gnu/libnss_files-2.23.so
7f2a10e3e000-7f2a10e3f000 rw-p 0000b000 08:15 694368                     /lib/x86_64-linux-gnu/libnss_files-2.23.so
7f2a10e3f000-7f2a10e45000 rw-p 00000000 00:00 0 
7f2a10e45000-7f2a10e50000 r-xp 00000000 08:15 695322                     /lib/x86_64-linux-gnu/libnss_nis-2.23.so
7f2a10e50000-7f2a1104f000 ---p 0000b000 08:15 695322                     /lib/x86_64-linux-gnu/libnss_nis-2.23.so
7f2a1104f000-7f2a11050000 r--p 0000a000 08:15 695322                     /lib/x86_64-linux-gnu/libnss_nis-2.23.so
7f2a11050000-7f2a11051000 rw-p 0000b000 08:15 695322                     /lib/x86_64-linux-gnu/libnss_nis-2.23.so
7f2a11051000-7f2a11067000 r-xp 00000000 08:15 690527                     /lib/x86_64-linux-gnu/libnsl-2.23.so
7f2a11067000-7f2a11266000 ---p 00016000 08:15 690527                     /lib/x86_64-linux-gnu/libnsl-2.23.so
7f2a11266000-7f2a11267000 r--p 00015000 08:15 690527                     /lib/x86_64-linux-gnu/libnsl-2.23.so
7f2a11267000-7f2a11268000 rw-p 00016000 08:15 690527                     /lib/x86_64-linux-gnu/libnsl-2.23.so
7f2a11268000-7f2a1126a000 rw-p 00000000 00:00 0 
7f2a1126a000-7f2a11272000 r-xp 00000000 08:15 695759                     /lib/x86_64-linux-gnu/libnss_compat-2.23.so
7f2a11272000-7f2a11471000 ---p 00008000 08:15 695759                     /lib/x86_64-linux-gnu/libnss_compat-2.23.so
7f2a11471000-7f2a11472000 r--p 00007000 08:15 695759                     /lib/x86_64-linux-gnu/libnss_compat-2.23.so
7f2a11472000-7f2a11473000 rw-p 00008000 08:15 695759                     /lib/x86_64-linux-gnu/libnss_compat-2.23.so
7f2a11473000-7f2a1149e000 r-xp 00000000 08:14 3016249                    /home/yang/ssd/java/jre/lib/amd64/libjava.so
7f2a1149e000-7f2a1169d000 ---p 0002b000 08:14 3016249                    /home/yang/ssd/java/jre/lib/amd64/libjava.so
7f2a1169d000-7f2a1169f000 rw-p 0002a000 08:14 3016249                    /home/yang/ssd/java/jre/lib/amd64/libjava.so
7f2a1169f000-7f2a116ac000 r-xp 00000000 08:14 3016200                    /home/yang/ssd/java/jre/lib/amd64/libverify.so
7f2a116ac000-7f2a118ab000 ---p 0000d000 08:14 3016200                    /home/yang/ssd/java/jre/lib/amd64/libverify.so
7f2a118ab000-7f2a118ad000 rw-p 0000c000 08:14 3016200                    /home/yang/ssd/java/jre/lib/amd64/libverify.so
7f2a118ad000-7f2a118b4000 r-xp 00000000 08:15 695324                     /lib/x86_64-linux-gnu/librt-2.23.so
7f2a118b4000-7f2a11ab3000 ---p 00007000 08:15 695324                     /lib/x86_64-linux-gnu/librt-2.23.so
7f2a11ab3000-7f2a11ab4000 r--p 00006000 08:15 695324                     /lib/x86_64-linux-gnu/librt-2.23.so
7f2a11ab4000-7f2a11ab5000 rw-p 00007000 08:15 695324                     /lib/x86_64-linux-gnu/librt-2.23.so
7f2a11ab5000-7f2a11bbd000 r-xp 00000000 08:15 701608                     /lib/x86_64-linux-gnu/libm-2.23.so
7f2a11bbd000-7f2a11dbc000 ---p 00108000 08:15 701608                     /lib/x86_64-linux-gnu/libm-2.23.so
7f2a11dbc000-7f2a11dbd000 r--p 00107000 08:15 701608                     /lib/x86_64-linux-gnu/libm-2.23.so
7f2a11dbd000-7f2a11dbe000 rw-p 00108000 08:15 701608                     /lib/x86_64-linux-gnu/libm-2.23.so
7f2a11dbe000-7f2a12a8c000 r-xp 00000000 08:14 3016253                    /home/yang/ssd/java/jre/lib/amd64/server/libjvm.so
7f2a12a8c000-7f2a12c8c000 ---p 00cce000 08:14 3016253                    /home/yang/ssd/java/jre/lib/amd64/server/libjvm.so
7f2a12c8c000-7f2a12d65000 rw-p 00cce000 08:14 3016253                    /home/yang/ssd/java/jre/lib/amd64/server/libjvm.so
7f2a12d65000-7f2a12db0000 rw-p 00000000 00:00 0 
7f2a12db0000-7f2a12f70000 r-xp 00000000 08:15 701617                     /lib/x86_64-linux-gnu/libc-2.23.so
7f2a12f70000-7f2a13170000 ---p 001c0000 08:15 701617                     /lib/x86_64-linux-gnu/libc-2.23.so
7f2a13170000-7f2a13174000 r--p 001c0000 08:15 701617                     /lib/x86_64-linux-gnu/libc-2.23.so
7f2a13174000-7f2a13176000 rw-p 001c4000 08:15 701617                     /lib/x86_64-linux-gnu/libc-2.23.so
7f2a13176000-7f2a1317a000 rw-p 00000000 00:00 0 
7f2a1317a000-7f2a1317d000 r-xp 00000000 08:15 695758                     /lib/x86_64-linux-gnu/libdl-2.23.so
7f2a1317d000-7f2a1337c000 ---p 00003000 08:15 695758                     /lib/x86_64-linux-gnu/libdl-2.23.so
7f2a1337c000-7f2a1337d000 r--p 00002000 08:15 695758                     /lib/x86_64-linux-gnu/libdl-2.23.so
7f2a1337d000-7f2a1337e000 rw-p 00003000 08:15 695758                     /lib/x86_64-linux-gnu/libdl-2.23.so
7f2a1337e000-7f2a13393000 r-xp 00000000 08:14 3015986                    /home/yang/ssd/java/lib/amd64/jli/libjli.so
7f2a13393000-7f2a13593000 ---p 00015000 08:14 3015986                    /home/yang/ssd/java/lib/amd64/jli/libjli.so
7f2a13593000-7f2a13594000 rw-p 00015000 08:14 3015986                    /home/yang/ssd/java/lib/amd64/jli/libjli.so
7f2a13594000-7f2a135ac000 r-xp 00000000 08:15 695321                     /lib/x86_64-linux-gnu/libpthread-2.23.so
7f2a135ac000-7f2a137ab000 ---p 00018000 08:15 695321                     /lib/x86_64-linux-gnu/libpthread-2.23.so
7f2a137ab000-7f2a137ac000 r--p 00017000 08:15 695321                     /lib/x86_64-linux-gnu/libpthread-2.23.so
7f2a137ac000-7f2a137ad000 rw-p 00018000 08:15 695321                     /lib/x86_64-linux-gnu/libpthread-2.23.so
7f2a137ad000-7f2a137b1000 rw-p 00000000 00:00 0 
7f2a137b1000-7f2a137d7000 r-xp 00000000 08:15 694240                     /lib/x86_64-linux-gnu/ld-2.23.so
7f2a137d7000-7f2a137d8000 r--s 00000000 08:14 3801283                    /home/yang/ssd/gradle/lib/gradle-version-info-3.3.jar
7f2a137d8000-7f2a137dd000 r--s 00041000 08:14 3801127                    /home/yang/ssd/gradle/lib/commons-lang-2.6.jar
7f2a137dd000-7f2a137de000 r--s 00007000 08:14 3801125                    /home/yang/ssd/gradle/lib/slf4j-api-1.7.10.jar
7f2a137de000-7f2a137df000 r--s 00004000 08:14 3801150                    /home/yang/ssd/gradle/lib/ant-launcher-1.9.6.jar
7f2a137df000-7f2a138b1000 rw-p 00000000 00:00 0 
7f2a138b1000-7f2a138b4000 ---p 00000000 00:00 0 
7f2a138b4000-7f2a139ca000 rw-p 00000000 00:00 0 
7f2a139ca000-7f2a139d2000 rw-s 00000000 08:15 1186408                    /tmp/hsperfdata_yang/8668
7f2a139d2000-7f2a139d3000 rw-p 00000000 00:00 0 
7f2a139d3000-7f2a139d4000 ---p 00000000 00:00 0 
7f2a139d4000-7f2a139d6000 rw-p 00000000 00:00 0 
7f2a139d6000-7f2a139d7000 r--p 00025000 08:15 694240                     /lib/x86_64-linux-gnu/ld-2.23.so
7f2a139d7000-7f2a139d8000 rw-p 00026000 08:15 694240                     /lib/x86_64-linux-gnu/ld-2.23.so
7f2a139d8000-7f2a139d9000 rw-p 00000000 00:00 0 
7fff0c96f000-7fff0c990000 rw-p 00000000 00:00 0                          [stack]
7fff0c9f1000-7fff0c9f3000 r--p 00000000 00:00 0                          [vvar]
7fff0c9f3000-7fff0c9f5000 r-xp 00000000 00:00 0                          [vdso]
ffffffffff600000-ffffffffff601000 r-xp 00000000 00:00 0                  [vsyscall]

VM Arguments:
jvm_args: -XX:MaxPermSize=256m -XX:+HeapDumpOnOutOfMemoryError -Xmx1024m -Dfile.encoding=UTF-8 -Duser.country=CN -Duser.language=zh -Duser.variant 
java_command: org.gradle.launcher.daemon.bootstrap.GradleDaemon 3.3
java_class_path (initial): /home/yang/ssd/gradle/lib/gradle-launcher-3.3.jar
Launcher Type: SUN_STANDARD

Environment Variables:
JAVA_HOME=/home/yang/ssd/java
JRE_HOME=/home/yang/ssd/java/jre
CLASSPATH=.:/home/yang/ssd/java/lib:{JRE_HOME}/lib
PATH=/home/yang/bin:/home/yang/.local/bin:/home/yang/ssd/gradle/bin:/home/yang/ssd/java/bin:/usr/local/sbin:/usr/local/bin:/usr/sbin:/usr/bin:/sbin:/bin:/usr/games:/usr/local/games:/snap/bin
SHELL=/bin/bash
DISPLAY=:0

Signal Handlers:
SIGSEGV: [libjvm.so+0xac7800], sa_mask[0]=11111111011111111101111111111110, sa_flags=SA_RESTART|SA_SIGINFO
SIGBUS: [libjvm.so+0xac7800], sa_mask[0]=11111111011111111101111111111110, sa_flags=SA_RESTART|SA_SIGINFO
SIGFPE: [libjvm.so+0x920990], sa_mask[0]=11111111011111111101111111111110, sa_flags=SA_RESTART|SA_SIGINFO
SIGPIPE: [libjvm.so+0x920990], sa_mask[0]=11111111011111111101111111111110, sa_flags=SA_RESTART|SA_SIGINFO
SIGXFSZ: [libjvm.so+0x920990], sa_mask[0]=11111111011111111101111111111110, sa_flags=SA_RESTART|SA_SIGINFO
SIGILL: [libjvm.so+0x920990], sa_mask[0]=11111111011111111101111111111110, sa_flags=SA_RESTART|SA_SIGINFO
SIGUSR1: SIG_DFL, sa_mask[0]=00000000000000000000000000000000, sa_flags=none
SIGUSR2: [libjvm.so+0x9221d0], sa_mask[0]=00100000000000000000000000000000, sa_flags=SA_RESTART|SA_SIGINFO
SIGHUP: [libjvm.so+0x9235d0], sa_mask[0]=11111111011111111101111111111110, sa_flags=SA_RESTART|SA_SIGINFO
SIGINT: [libjvm.so+0x9235d0], sa_mask[0]=11111111011111111101111111111110, sa_flags=SA_RESTART|SA_SIGINFO
SIGTERM: [libjvm.so+0x9235d0], sa_mask[0]=11111111011111111101111111111110, sa_flags=SA_RESTART|SA_SIGINFO
SIGQUIT: [libjvm.so+0x9235d0], sa_mask[0]=11111111011111111101111111111110, sa_flags=SA_RESTART|SA_SIGINFO


---------------  S Y S T E M  ---------------

OS:DISTRIB_ID=Ubuntu
DISTRIB_RELEASE=16.04
DISTRIB_CODENAME=xenial
DISTRIB_DESCRIPTION="Ubuntu 16.04.3 LTS"

uname:Linux 4.4.0-89-generic #112-Ubuntu SMP Mon Jul 31 19:38:41 UTC 2017 x86_64
libc:glibc 2.23 NPTL 2.23 
rlimit: STACK 8192k, CORE 0k, NPROC 14426, NOFILE 1048576, AS infinity
load average:6.40 2.12 1.31

/proc/meminfo:
MemTotal:        3932964 kB
MemFree:          122444 kB
MemAvailable:      34612 kB
Buffers:             512 kB
Cached:           325036 kB
SwapCached:          688 kB
Active:          2662892 kB
Inactive:         919160 kB
Active(anon):    2657856 kB
Inactive(anon):   900876 kB
Active(file):       5036 kB
Inactive(file):    18284 kB
Unevictable:         288 kB
Mlocked:             288 kB
SwapTotal:       1999868 kB
SwapFree:              0 kB
Dirty:               120 kB
Writeback:             0 kB
AnonPages:       3257340 kB
Mapped:            33548 kB
Shmem:            301036 kB
Slab:              87420 kB
SReclaimable:      39516 kB
SUnreclaim:        47904 kB
KernelStack:       15136 kB
PageTables:        66592 kB
NFS_Unstable:          0 kB
Bounce:                0 kB
WritebackTmp:          0 kB
CommitLimit:     3966348 kB
Committed_AS:   12512596 kB
VmallocTotal:   34359738367 kB
VmallocUsed:           0 kB
VmallocChunk:          0 kB
HardwareCorrupted:     0 kB
AnonHugePages:    823296 kB
CmaTotal:              0 kB
CmaFree:               0 kB
HugePages_Total:       0
HugePages_Free:        0
HugePages_Rsvd:        0
HugePages_Surp:        0
Hugepagesize:       2048 kB
DirectMap4k:      191844 kB
DirectMap2M:     3889152 kB
DirectMap1G:           0 kB


CPU:total 4 (2 cores per cpu, 2 threads per core) family 6 model 60 stepping 3, cmov, cx8, fxsr, mmx, sse, sse2, sse3, ssse3, sse4.1, sse4.2, popcnt, avx, avx2, aes, clmul, erms, lzcnt, ht, tsc, tscinvbit, bmi1, bmi2

/proc/cpuinfo:
processor	: 0
vendor_id	: GenuineIntel
cpu family	: 6
model		: 60
model name	: Intel(R) Core(TM) i5-4200H CPU @ 2.80GHz
stepping	: 3
microcode	: 0x1e
cpu MHz		: 2548.437
cache size	: 3072 KB
physical id	: 0
siblings	: 4
core id		: 0
cpu cores	: 2
apicid		: 0
initial apicid	: 0
fpu		: yes
fpu_exception	: yes
cpuid level	: 13
wp		: yes
flags		: fpu vme de pse tsc msr pae mce cx8 apic sep mtrr pge mca cmov pat pse36 clflush dts acpi mmx fxsr sse sse2 ss ht tm pbe syscall nx pdpe1gb rdtscp lm constant_tsc arch_perfmon pebs bts rep_good nopl xtopology nonstop_tsc aperfmperf eagerfpu pni pclmulqdq dtes64 monitor ds_cpl vmx est tm2 ssse3 sdbg fma cx16 xtpr pdcm pcid sse4_1 sse4_2 x2apic movbe popcnt tsc_deadline_timer aes xsave avx f16c rdrand lahf_lm abm epb tpr_shadow vnmi flexpriority ept vpid fsgsbase tsc_adjust bmi1 avx2 smep bmi2 erms invpcid xsaveopt dtherm ida arat pln pts
bugs		:
bogomips	: 5587.19
clflush size	: 64
cache_alignment	: 64
address sizes	: 39 bits physical, 48 bits virtual
power management:

processor	: 1
vendor_id	: GenuineIntel
cpu family	: 6
model		: 60
model name	: Intel(R) Core(TM) i5-4200H CPU @ 2.80GHz
stepping	: 3
microcode	: 0x1e
cpu MHz		: 2399.796
cache size	: 3072 KB
physical id	: 0
siblings	: 4
core id		: 1
cpu cores	: 2
apicid		: 2
initial apicid	: 2
fpu		: yes
fpu_exception	: yes
cpuid level	: 13
wp		: yes
flags		: fpu vme de pse tsc msr pae mce cx8 apic sep mtrr pge mca cmov pat pse36 clflush dts acpi mmx fxsr sse sse2 ss ht tm pbe syscall nx pdpe1gb rdtscp lm constant_tsc arch_perfmon pebs bts rep_good nopl xtopology nonstop_tsc aperfmperf eagerfpu pni pclmulqdq dtes64 monitor ds_cpl vmx est tm2 ssse3 sdbg fma cx16 xtpr pdcm pcid sse4_1 sse4_2 x2apic movbe popcnt tsc_deadline_timer aes xsave avx f16c rdrand lahf_lm abm epb tpr_shadow vnmi flexpriority ept vpid fsgsbase tsc_adjust bmi1 avx2 smep bmi2 erms invpcid xsaveopt dtherm ida arat pln pts
bugs		:
bogomips	: 5587.19
clflush size	: 64
cache_alignment	: 64
address sizes	: 39 bits physical, 48 bits virtual
power management:

processor	: 2
vendor_id	: GenuineIntel
cpu family	: 6
model		: 60
model name	: Intel(R) Core(TM) i5-4200H CPU @ 2.80GHz
stepping	: 3
microcode	: 0x1e
cpu MHz		: 2562.984
cache size	: 3072 KB
physical id	: 0
siblings	: 4
core id		: 0
cpu cores	: 2
apicid		: 1
initial apicid	: 1
fpu		: yes
fpu_exception	: yes
cpuid level	: 13
wp		: yes
flags		: fpu vme de pse tsc msr pae mce cx8 apic sep mtrr pge mca cmov pat pse36 clflush dts acpi mmx fxsr sse sse2 ss ht tm pbe syscall nx pdpe1gb rdtscp lm constant_tsc arch_perfmon pebs bts rep_good nopl xtopology nonstop_tsc aperfmperf eagerfpu pni pclmulqdq dtes64 monitor ds_cpl vmx est tm2 ssse3 sdbg fma cx16 xtpr pdcm pcid sse4_1 sse4_2 x2apic movbe popcnt tsc_deadline_timer aes xsave avx f16c rdrand lahf_lm abm epb tpr_shadow vnmi flexpriority ept vpid fsgsbase tsc_adjust bmi1 avx2 smep bmi2 erms invpcid xsaveopt dtherm ida arat pln pts
bugs		:
bogomips	: 5587.19
clflush size	: 64
cache_alignment	: 64
address sizes	: 39 bits physical, 48 bits virtual
power management:

processor	: 3
vendor_id	: GenuineIntel
cpu family	: 6
model		: 60
model name	: Intel(R) Core(TM) i5-4200H CPU @ 2.80GHz
stepping	: 3
microcode	: 0x1e
cpu MHz		: 2499.984
cache size	: 3072 KB
physical id	: 0
siblings	: 4
core id		: 1
cpu cores	: 2
apicid		: 3
initial apicid	: 3
fpu		: yes
fpu_exception	: yes
cpuid level	: 13
wp		: yes
flags		: fpu vme de pse tsc msr pae mce cx8 apic sep mtrr pge mca cmov pat pse36 clflush dts acpi mmx fxsr sse sse2 ss ht tm pbe syscall nx pdpe1gb rdtscp lm constant_tsc arch_perfmon pebs bts rep_good nopl xtopology nonstop_tsc aperfmperf eagerfpu pni pclmulqdq dtes64 monitor ds_cpl vmx est tm2 ssse3 sdbg fma cx16 xtpr pdcm pcid sse4_1 sse4_2 x2apic movbe popcnt tsc_deadline_timer aes xsave avx f16c rdrand lahf_lm abm epb tpr_shadow vnmi flexpriority ept vpid fsgsbase tsc_adjust bmi1 avx2 smep bmi2 erms invpcid xsaveopt dtherm ida arat pln pts
bugs		:
bogomips	: 5587.19
clflush size	: 64
cache_alignment	: 64
address sizes	: 39 bits physical, 48 bits virtual
power management:



Memory: 4k page, physical 3932964k(122444k free), swap 1999868k(0k free)

vm_info: Java HotSpot(TM) 64-Bit Server VM (25.112-b15) for linux-amd64 JRE (1.8.0_112-b15), built on Sep 22 2016 21:10:53 by "java_re" with gcc 4.3.0 20080428 (Red Hat 4.3.0-8)

time: Tue Aug  8 16:04:56 2017
elapsed time: 28 seconds (0d 0h 0m 28s)

